2025-03-21 17:58:09,109 - DrugResponse - INFO - 日志设置完成，日志文件位置: logs\drug_response_prediction_20250321_175809.log
2025-03-21 17:58:09,109 - DrugResponse - INFO - 开始药物反应预测任务 - 五折交叉验证
2025-03-21 17:58:10,703 - DrugResponse - INFO - 使用设备: cuda
2025-03-21 17:58:10,703 - DrugResponse.DataLoader - INFO - 基础路径: E:\git bash file\drug_respones_prediction
2025-03-21 17:58:10,703 - DrugResponse.DataLoader - INFO - 加载响应数据: E:\git bash file\drug_respones_prediction\src/data/filtered_ic50_data2.csv
2025-03-21 17:58:10,703 - DrugResponse.DataLoader - INFO - 加载药物特征: E:\git bash file\drug_respones_prediction\src/data/one_hot_drugs.csv
2025-03-21 17:58:10,703 - DrugResponse.DataLoader - INFO - 加载蛋白质特征: E:\git bash file\drug_respones_prediction\src/data/DAE_features_dim100.csv
2025-03-21 17:58:10,752 - DrugResponse.DataLoader - INFO - 正在加载和预处理数据...
2025-03-21 17:58:13,776 - DrugResponse.DataLoader - INFO - 数据加载完成: 特征数量 725, 样本数量 470843
2025-03-21 17:58:13,776 - DrugResponse.CrossValidation - INFO - 创建5折交叉验证数据集
2025-03-21 17:58:13,776 - DrugResponse.CrossValidation - INFO - 使用drug_name进行分层抽样
2025-03-21 17:58:14,155 - DrugResponse.CrossValidation - INFO - 处理第1折
2025-03-21 17:58:18,258 - DrugResponse.CrossValidation - INFO - 第1折数据准备完成 - 训练集: 376674样本, 验证集: 94169样本
2025-03-21 17:58:18,262 - DrugResponse.CrossValidation - INFO - 处理第2折
2025-03-21 17:58:23,845 - DrugResponse.CrossValidation - INFO - 第2折数据准备完成 - 训练集: 376674样本, 验证集: 94169样本
2025-03-21 17:58:23,848 - DrugResponse.CrossValidation - INFO - 处理第3折
2025-03-21 17:58:29,424 - DrugResponse.CrossValidation - INFO - 第3折数据准备完成 - 训练集: 376674样本, 验证集: 94169样本
2025-03-21 17:58:29,434 - DrugResponse.CrossValidation - INFO - 处理第4折
2025-03-21 17:58:34,735 - DrugResponse.CrossValidation - INFO - 第4折数据准备完成 - 训练集: 376675样本, 验证集: 94168样本
2025-03-21 17:58:34,743 - DrugResponse.CrossValidation - INFO - 处理第5折
2025-03-21 17:58:40,649 - DrugResponse.CrossValidation - INFO - 第5折数据准备完成 - 训练集: 376675样本, 验证集: 94168样本
