2025-03-21 18:07:17,145 - DrugResponse - INFO - 日志设置完成，日志文件位置: logs\drug_response_prediction_20250321_180717.log
2025-03-21 18:07:17,145 - DrugResponse - INFO - 开始药物反应预测任务 - 五折交叉验证
2025-03-21 18:07:18,702 - DrugResponse - INFO - 使用设备: cuda
2025-03-21 18:07:18,702 - DrugResponse.DataLoader - INFO - 基础路径: e:\git bash file\drug_respones_prediction
2025-03-21 18:07:18,702 - DrugResponse.DataLoader - INFO - 加载响应数据: e:\git bash file\drug_respones_prediction\src/data/filtered_ic50_data2.csv
2025-03-21 18:07:18,709 - DrugResponse.DataLoader - INFO - 加载药物特征: e:\git bash file\drug_respones_prediction\src/data/one_hot_drugs.csv
2025-03-21 18:07:18,709 - DrugResponse.DataLoader - INFO - 加载蛋白质特征: e:\git bash file\drug_respones_prediction\src/data/DAE_features_dim100.csv
2025-03-21 18:07:18,757 - DrugResponse.DataLoader - INFO - 正在加载和预处理数据...
2025-03-21 18:07:23,288 - DrugResponse.DataLoader - INFO - 数据加载完成: 特征数量 725, 样本数量 470843
2025-03-21 18:07:23,288 - DrugResponse.CrossValidation - INFO - 创建5折交叉验证数据集
2025-03-21 18:07:23,288 - DrugResponse.CrossValidation - INFO - 使用drug_name进行分层抽样
2025-03-21 18:07:23,669 - DrugResponse.CrossValidation - INFO - 处理第1折
2025-03-21 18:07:28,082 - DrugResponse.CrossValidation - INFO - 第1折数据准备完成 - 训练集: 376674样本, 验证集: 94169样本
2025-03-21 18:07:28,087 - DrugResponse.CrossValidation - INFO - 处理第2折
2025-03-21 18:07:34,171 - DrugResponse.CrossValidation - INFO - 第2折数据准备完成 - 训练集: 376674样本, 验证集: 94169样本
2025-03-21 18:07:34,197 - DrugResponse.CrossValidation - INFO - 处理第3折
2025-03-21 18:07:40,128 - DrugResponse.CrossValidation - INFO - 第3折数据准备完成 - 训练集: 376674样本, 验证集: 94169样本
2025-03-21 18:07:40,128 - DrugResponse.CrossValidation - INFO - 处理第4折
2025-03-21 18:07:47,221 - DrugResponse.CrossValidation - INFO - 第4折数据准备完成 - 训练集: 376675样本, 验证集: 94168样本
2025-03-21 18:07:47,229 - DrugResponse.CrossValidation - INFO - 处理第5折
2025-03-21 18:07:52,926 - DrugResponse.CrossValidation - INFO - 第5折数据准备完成 - 训练集: 376675样本, 验证集: 94168样本
